0 info it worked if it ends with ok
1 verbose cli [ 'C:\\Program Files\\nodejs\\node.exe',
1 verbose cli   'C:\\Users\\Wolfgang\\AppData\\Roaming\\npm\\node_modules\\npm\\bin\\npm-cli.js',
1 verbose cli   'publish' ]
2 info using npm@4.0.3
3 info using node@v8.1.3
4 verbose publish [ '.' ]
5 silly cache add args [ '.', null ]
6 verbose cache add spec .
7 silly cache add parsed spec Result {
7 silly cache add   raw: '.',
7 silly cache add   scope: null,
7 silly cache add   escapedName: null,
7 silly cache add   name: null,
7 silly cache add   rawSpec: '.',
7 silly cache add   spec: 'C:\\Users\\Wolfgang\\git\\topseed-npm',
7 silly cache add   type: 'directory' }
8 verbose addLocalDirectory C:\Users\Wolfgang\AppData\Roaming\npm-cache\topseed-utils\25.0.0\package.tgz not in flight; packing
9 verbose correctMkdir C:\Users\Wolfgang\AppData\Roaming\npm-cache correctMkdir not in flight; initializing
10 info lifecycle topseed-utils@25.0.0~prepublish: topseed-utils@25.0.0
11 silly lifecycle topseed-utils@25.0.0~prepublish: no script for prepublish, continuing
12 info lifecycle topseed-utils@25.0.0~prepare: topseed-utils@25.0.0
13 silly lifecycle topseed-utils@25.0.0~prepare: no script for prepare, continuing
14 verbose tar pack [ 'C:\\Users\\Wolfgang\\AppData\\Roaming\\npm-cache\\topseed-utils\\25.0.0\\package.tgz',
14 verbose tar pack   'C:\\Users\\Wolfgang\\git\\topseed-npm' ]
15 verbose tarball C:\Users\Wolfgang\AppData\Roaming\npm-cache\topseed-utils\25.0.0\package.tgz
16 verbose folder C:\Users\Wolfgang\git\topseed-npm
17 verbose addLocalTarball adding from inside cache C:\Users\Wolfgang\AppData\Roaming\npm-cache\topseed-utils\25.0.0\package.tgz
18 verbose correctMkdir C:\Users\Wolfgang\AppData\Roaming\npm-cache correctMkdir not in flight; initializing
19 silly cache afterAdd topseed-utils@25.0.0
20 verbose afterAdd C:\Users\Wolfgang\AppData\Roaming\npm-cache\topseed-utils\25.0.0\package\package.json not in flight; writing
21 verbose correctMkdir C:\Users\Wolfgang\AppData\Roaming\npm-cache correctMkdir not in flight; initializing
22 verbose afterAdd C:\Users\Wolfgang\AppData\Roaming\npm-cache\topseed-utils\25.0.0\package\package.json written
23 silly publish { name: 'topseed-utils',
23 silly publish   version: '25.0.0',
23 silly publish   main: 'Util.js',
23 silly publish   description: 'Used in topseed projects',
23 silly publish   author: { name: 'topseed' },
23 silly publish   license: 'SEE LICENSE IN LICENSE.md',
23 silly publish   repository:
23 silly publish    { type: 'git',
23 silly publish      url: 'git+https://github.com/topseed/topseed-npm.git' },
23 silly publish   keywords: [ 'topseed' ],
23 silly publish   engines: { npm: '>=5', node: '>=8' },
23 silly publish   dependencies:
23 silly publish    { express: '>=4.1',
23 silly publish      cors: '>=2.8',
23 silly publish      compression: '>=1.6',
23 silly publish      'body-parser': '>=1.1',
23 silly publish      pug: '>=2.0.0-rc.2',
23 silly publish      dot: '>=1.1',
23 silly publish      is_js: '>=0.9',
23 silly publish      flyd: '>=0.2.4',
23 silly publish      cheerio: '>=0.2',
23 silly publish      moment: '>=2.1',
23 silly publish      'random-js': '>=1.0' },
23 silly publish   readme: '# Topseed Util \n\n<http://npmjs.com/package/topseed-utils>\n\nIn order to make node code more readable, sometimes you need to remove the noise.\nSo here we have some utility functions, used by topseed projects. \n\nYou can use it too. In package.json:\n\n\t"topseed-utils": ">=25.0.0"\n\nThen, in Node:\n\n\tconst Util = require(\'topseed-utils\')\n\tconst U = new Util() \n\n\tU.genRandom(100,9999)',
23 silly publish   readmeFilename: 'README.md',
23 silly publish   gitHead: 'e3ccb5a317207fdab791e52a9fa0d2c034259eeb',
23 silly publish   bugs: { url: 'https://github.com/topseed/topseed-npm/issues' },
23 silly publish   homepage: 'https://github.com/topseed/topseed-npm#readme',
23 silly publish   _id: 'topseed-utils@25.0.0',
23 silly publish   scripts: {},
23 silly publish   _shasum: '865b33ce50bf8b028d81c9f0c52a5a40c47bc40c',
23 silly publish   _from: '.' }
24 info lifecycle topseed-utils@25.0.0~prepublishOnly: topseed-utils@25.0.0
25 silly lifecycle topseed-utils@25.0.0~prepublishOnly: no script for prepublishOnly, continuing
26 verbose getPublishConfig undefined
27 silly mapToRegistry name topseed-utils
28 silly mapToRegistry using default registry
29 silly mapToRegistry registry https://registry.npmjs.org/
30 silly mapToRegistry data Result {
30 silly mapToRegistry   raw: 'topseed-utils',
30 silly mapToRegistry   scope: null,
30 silly mapToRegistry   escapedName: 'topseed-utils',
30 silly mapToRegistry   name: 'topseed-utils',
30 silly mapToRegistry   rawSpec: '',
30 silly mapToRegistry   spec: 'latest',
30 silly mapToRegistry   type: 'tag' }
31 silly mapToRegistry uri https://registry.npmjs.org/topseed-utils
32 verbose publish registryBase https://registry.npmjs.org/
33 silly publish uploading C:\Users\Wolfgang\AppData\Roaming\npm-cache\topseed-utils\25.0.0\package.tgz
34 verbose request uri https://registry.npmjs.org/topseed-utils
35 verbose request sending authorization for write operation
36 info attempt registry request try #1 at 13:12:22
37 verbose request using bearer token for auth
38 verbose request id 94921e62f1d6f730
39 http request PUT https://registry.npmjs.org/topseed-utils
40 http 403 https://registry.npmjs.org/topseed-utils
41 verbose headers { 'content-type': 'application/json',
41 verbose headers   'cache-control': 'max-age=300',
41 verbose headers   'content-length': '96',
41 verbose headers   'accept-ranges': 'bytes',
41 verbose headers   date: 'Sat, 15 Jul 2017 20:12:23 GMT',
41 verbose headers   via: '1.1 varnish',
41 verbose headers   connection: 'keep-alive',
41 verbose headers   'x-served-by': 'cache-ord1725-ORD',
41 verbose headers   'x-cache': 'MISS',
41 verbose headers   'x-cache-hits': '0',
41 verbose headers   'x-timer': 'S1500149543.722674,VS0,VE555',
41 verbose headers   vary: 'Accept-Encoding, Accept' }
42 verbose request invalidating C:\Users\Wolfgang\AppData\Roaming\npm-cache\registry.npmjs.org\topseed-utils on PUT
43 error publish Failed PUT 403
44 verbose stack Error: "You cannot publish over the previously published version 25.0.0." : topseed-utils
44 verbose stack     at makeError (C:\Users\Wolfgang\AppData\Roaming\npm\node_modules\npm\node_modules\npm-registry-client\lib\request.js:302:12)
44 verbose stack     at CachingRegistryClient.<anonymous> (C:\Users\Wolfgang\AppData\Roaming\npm\node_modules\npm\node_modules\npm-registry-client\lib\request.js:290:14)
44 verbose stack     at Request._callback (C:\Users\Wolfgang\AppData\Roaming\npm\node_modules\npm\node_modules\npm-registry-client\lib\request.js:210:14)
44 verbose stack     at Request.self.callback (C:\Users\Wolfgang\AppData\Roaming\npm\node_modules\npm\node_modules\request\request.js:186:22)
44 verbose stack     at emitTwo (events.js:125:13)
44 verbose stack     at Request.emit (events.js:213:7)
44 verbose stack     at Request.<anonymous> (C:\Users\Wolfgang\AppData\Roaming\npm\node_modules\npm\node_modules\request\request.js:1081:10)
44 verbose stack     at emitOne (events.js:115:13)
44 verbose stack     at Request.emit (events.js:210:7)
44 verbose stack     at IncomingMessage.<anonymous> (C:\Users\Wolfgang\AppData\Roaming\npm\node_modules\npm\node_modules\request\request.js:1001:12)
45 verbose statusCode 403
46 verbose pkgid topseed-utils
47 verbose cwd C:\Users\Wolfgang\git\topseed-npm
48 error Windows_NT 10.0.14393
49 error argv "C:\\Program Files\\nodejs\\node.exe" "C:\\Users\\Wolfgang\\AppData\\Roaming\\npm\\node_modules\\npm\\bin\\npm-cli.js" "publish"
50 error node v8.1.3
51 error npm  v4.0.3
52 error code E403
53 error "You cannot publish over the previously published version 25.0.0." : topseed-utils
54 error If you need help, you may report this error at:
54 error     <https://github.com/npm/npm/issues>
55 verbose exit [ 1, true ]
